  main.cpp
C:\Program Files (x86)\Windows Kits\10\Include\10.0.19041.0\shared\minwindef.h(130,1): warning C4005: 'APIENTRY': macro redefinition
D:\visual_studio_Projects_cpp\GTA5 GetGood\GLFW\include\GLFW\glfw3.h(123): message : see previous definition of 'APIENTRY'
D:\visual_studio_Projects_cpp\GTA5 GetGood\GTA5 GetGood\Gui.h(73,63): warning C4244: 'argument': conversion from 'int' to 'float', possible loss of data
D:\visual_studio_Projects_cpp\GTA5 GetGood\GTA5 GetGood\Gui.h(73,47): warning C4244: 'argument': conversion from 'int' to 'float', possible loss of data
D:\visual_studio_Projects_cpp\GTA5 GetGood\GTA5 GetGood\Gui.h(131,36): warning C4244: 'argument': conversion from 'int' to 'float', possible loss of data
D:\visual_studio_Projects_cpp\GTA5 GetGood\GTA5 GetGood\Gui.h(131,29): warning C4244: 'argument': conversion from 'int' to 'float', possible loss of data
D:\visual_studio_Projects_cpp\GTA5 GetGood\GTA5 GetGood\Gui.h(135,40): warning C4244: 'argument': conversion from 'int' to 'float', possible loss of data
D:\visual_studio_Projects_cpp\GTA5 GetGood\GTA5 GetGood\Gui.h(135,34): warning C4244: 'argument': conversion from 'int' to 'float', possible loss of data
D:\visual_studio_Projects_cpp\GTA5 GetGood\GTA5 GetGood\Gui.h(159,36): warning C4244: 'argument': conversion from 'int' to 'float', possible loss of data
D:\visual_studio_Projects_cpp\GTA5 GetGood\GTA5 GetGood\Gui.h(159,29): warning C4244: 'argument': conversion from 'int' to 'float', possible loss of data
D:\visual_studio_Projects_cpp\GTA5 GetGood\GTA5 GetGood\Gui.h(187,36): warning C4244: 'argument': conversion from 'int' to 'float', possible loss of data
D:\visual_studio_Projects_cpp\GTA5 GetGood\GTA5 GetGood\Gui.h(187,29): warning C4244: 'argument': conversion from 'int' to 'float', possible loss of data
D:\visual_studio_Projects_cpp\GTA5 GetGood\GTA5 GetGood\Gui.h(209,36): warning C4244: 'argument': conversion from 'int' to 'float', possible loss of data
D:\visual_studio_Projects_cpp\GTA5 GetGood\GTA5 GetGood\Gui.h(209,29): warning C4244: 'argument': conversion from 'int' to 'float', possible loss of data
D:\visual_studio_Projects_cpp\GTA5 GetGood\GTA5 GetGood\menu.h(55,72): warning C4305: 'argument': truncation from 'double' to 'float'
D:\visual_studio_Projects_cpp\GTA5 GetGood\GTA5 GetGood\menu.h(64,63): warning C4305: 'argument': truncation from 'double' to 'float'
D:\visual_studio_Projects_cpp\GTA5 GetGood\GTA5 GetGood\menu.h(79,48): warning C4305: 'argument': truncation from 'double' to 'float'
  Generating code
  2 of 1441 functions ( 0.1%) were compiled, the rest were copied from previous compilation.
    0 functions were new in current compilation
    15 functions had inline decision re-evaluated but remain unchanged
  Finished generating code
  GTA5 GetGood.vcxproj -> D:\visual_studio_Projects_cpp\GTA5 GetGood\x64\Release\GTA5 GetGood.exe
